{
  "RSpec": {
    "coverage": {
      "/home/alzasyauqi/projects/tech_interview/simpul_tech/rails-chat-app/app/models/user.rb": {
        "lines": [
          1,
          1,
          8,
          31,
          1,
          null
        ]
      },
      "/home/alzasyauqi/projects/tech_interview/simpul_tech/rails-chat-app/app/models/application_record.rb": {
        "lines": [
          1,
          1,
          null
        ]
      },
      "/home/alzasyauqi/projects/tech_interview/simpul_tech/rails-chat-app/app/helpers/application_helper.rb": {
        "lines": [
          1,
          null
        ]
      },
      "/home/alzasyauqi/projects/tech_interview/simpul_tech/rails-chat-app/app/helpers/messages_helper.rb": {
        "lines": [
          1,
          null
        ]
      },
      "/home/alzasyauqi/projects/tech_interview/simpul_tech/rails-chat-app/app/helpers/pages_helper.rb": {
        "lines": [
          1,
          null
        ]
      },
      "/home/alzasyauqi/projects/tech_interview/simpul_tech/rails-chat-app/app/helpers/rooms_helper.rb": {
        "lines": [
          1,
          null
        ]
      },
      "/home/alzasyauqi/projects/tech_interview/simpul_tech/rails-chat-app/app/helpers/users_helper.rb": {
        "lines": [
          1,
          null
        ]
      },
      "/home/alzasyauqi/projects/tech_interview/simpul_tech/rails-chat-app/app/models/message.rb": {
        "lines": [
          1,
          1,
          1,
          1,
          3,
          1,
          null,
          1,
          5,
          4,
          4,
          null,
          null
        ]
      },
      "/home/alzasyauqi/projects/tech_interview/simpul_tech/rails-chat-app/app/models/participant.rb": {
        "lines": [
          1,
          1,
          1,
          null
        ]
      },
      "/home/alzasyauqi/projects/tech_interview/simpul_tech/rails-chat-app/app/models/room.rb": {
        "lines": [
          1,
          1,
          8,
          30,
          1,
          1,
          null,
          1,
          28,
          null,
          null,
          1,
          4,
          4,
          8,
          null,
          4,
          null,
          null
        ]
      },
      "/home/alzasyauqi/projects/tech_interview/simpul_tech/rails-chat-app/app/controllers/application_controller.rb": {
        "lines": [
          1,
          null
        ]
      },
      "/home/alzasyauqi/projects/tech_interview/simpul_tech/rails-chat-app/app/controllers/messages_controller.rb": {
        "lines": [
          1,
          1,
          2,
          null,
          null,
          1,
          1,
          2,
          null,
          null
        ]
      },
      "/home/alzasyauqi/projects/tech_interview/simpul_tech/rails-chat-app/app/controllers/pages_controller.rb": {
        "lines": [
          1,
          1,
          null,
          null
        ]
      },
      "/home/alzasyauqi/projects/tech_interview/simpul_tech/rails-chat-app/app/controllers/rooms_controller.rb": {
        "lines": [
          1,
          1,
          null,
          1,
          1,
          1,
          null,
          1,
          1,
          null,
          null,
          1,
          1,
          null,
          1,
          1,
          null,
          1,
          1,
          null,
          1,
          1,
          null,
          null,
          1,
          1,
          null,
          null
        ]
      },
      "/home/alzasyauqi/projects/tech_interview/simpul_tech/rails-chat-app/app/controllers/users_controller.rb": {
        "lines": [
          1,
          1,
          3,
          3,
          null,
          3,
          3,
          3,
          3,
          null,
          3,
          3,
          3,
          null,
          null,
          1,
          1,
          3,
          3,
          null,
          null
        ]
      }
    },
    "timestamp": 1725903584
  }
}
